Android/SdkProxyBuildProj/unity-android-resources/build/outputs/logs/manifest-merger-release-report.txt
-- Merging decision tree log ---
manifest
ADDED from HopeLegendsProj\unity-android-resources\AndroidManifest.xml:2:1-6:12
INJECTED from HopeLegendsProj\unity-android-resources\AndroidManifest.xml:2:1-6:12
INJECTED from HopeLegendsProj\unity-android-resources\AndroidManifest.xml:2:1-6:12
INJECTED from HopeLegendsProj\unity-android-resources\AndroidManifest.xml:2:1-6:12
INJECTED from HopeLegendsProj\unity-android-resources\AndroidManifest.xml:2:1-6:12
INJECTED from HopeLegendsProj\unity-android-resources\AndroidManifest.xml:2:1-6:12
INJECTED from HopeLegendsProj\unity-android-resources\AndroidManifest.xml:2:1-6:12
	package
		ADDED from HopeLegendsProj\unity-android-resources\AndroidManifest.xml:2:70-108
		INJECTED from HopeLegendsProj\unity-android-resources\AndroidManifest.xml
		INJECTED from HopeLegendsProj\unity-android-resources\AndroidManifest.xml
	android:versionName
		ADDED from HopeLegendsProj\unity-android-resources\AndroidManifest.xml:4:5-30
		INJECTED from HopeLegendsProj\unity-android-resources\AndroidManifest.xml
		INJECTED from HopeLegendsProj\unity-android-resources\AndroidManifest.xml
	xmlns:android
		ADDED from HopeLegendsProj\unity-android-resources\AndroidManifest.xml:2:11-69
	android:versionCode
		ADDED from HopeLegendsProj\unity-android-resources\AndroidManifest.xml:3:5-28
		INJECTED from HopeLegendsProj\unity-android-resources\AndroidManifest.xml
		INJECTED from HopeLegendsProj\unity-android-resources\AndroidManifest.xml
uses-sdk
INJECTED from HopeLegendsProj\unity-android-resources\AndroidManifest.xml reason: use-sdk injection requested
INJECTED from HopeLegendsProj\unity-android-resources\AndroidManifest.xml
INJECTED from HopeLegendsProj\unity-android-resources\AndroidManifest.xml
	android:targetSdkVersion
		INJECTED from HopeLegendsProj\unity-android-resources\AndroidManifest.xml
		ADDED from HopeLegendsProj\unity-android-resources\AndroidManifest.xml
		INJECTED from HopeLegendsProj\unity-android-resources\AndroidManifest.xml